proguard/seeds.txt
cn.trinea.android.demo.BaseActivity: BaseActivity()
cn.trinea.android.demo.BorderScrollViewDemo
cn.trinea.android.demo.BorderScrollViewDemo: BorderScrollViewDemo()
cn.trinea.android.demo.BroadcastReceiverDemo
cn.trinea.android.demo.BroadcastReceiverDemo: BroadcastReceiverDemo()
cn.trinea.android.demo.DownloadManagerDemo
cn.trinea.android.demo.DownloadManagerDemo: DownloadManagerDemo()
cn.trinea.android.demo.DropDownListViewDemo
cn.trinea.android.demo.DropDownListViewDemo: DropDownListViewDemo()
cn.trinea.android.demo.HttpCacheDemo
cn.trinea.android.demo.HttpCacheDemo: HttpCacheDemo()
cn.trinea.android.demo.ImageCacheDemo
cn.trinea.android.demo.ImageCacheDemo: ImageCacheDemo()
cn.trinea.android.demo.ImageSDCardCacheDemo
cn.trinea.android.demo.ImageSDCardCacheDemo: ImageSDCardCacheDemo()
cn.trinea.android.demo.MainActivity
cn.trinea.android.demo.MainActivity: MainActivity()
cn.trinea.android.demo.MyAIDLService
cn.trinea.android.demo.MyAIDLService: MyAIDLService()
cn.trinea.android.demo.MyIntentService
cn.trinea.android.demo.MyIntentService: MyIntentService()
cn.trinea.android.demo.MyService
cn.trinea.android.demo.MyService: MyService()
cn.trinea.android.demo.SearchViewDemo
cn.trinea.android.demo.SearchViewDemo: SearchViewDemo()
cn.trinea.android.demo.ServiceDemo
cn.trinea.android.demo.ServiceDemo: ServiceDemo()
cn.trinea.android.demo.SlideOnePageGalleryDemo
cn.trinea.android.demo.SlideOnePageGalleryDemo: SlideOnePageGalleryDemo()
cn.trinea.android.demo.ViewPagerDemo
cn.trinea.android.demo.ViewPagerDemo: ViewPagerDemo()
cn.trinea.android.demo.ViewPagerMulTiFragmentDemo
cn.trinea.android.demo.ViewPagerMulTiFragmentDemo: ViewPagerMulTiFragmentDemo()
...
android.support.v4.view.ViewPager$SavedState$1
android.support.v4.view.ViewPager$SavedState$1: ViewPager$SavedState$1()
android.support.v4.view.ViewPager$SavedState$1: android.support.v4.view.ViewPager$SavedState createFromParcel(android.os.Parcel,java.lang.ClassLoader)
android.support.v4.view.ViewPager$SavedState$1: android.support.v4.view.ViewPager$SavedState[] newArray(int)
android.support.v4.view.ViewPager$SavedState$1: java.lang.Object[] newArray(int)
android.support.v4.view.ViewPager$SavedState$1: java.lang.Object createFromParcel(android.os.Parcel,java.lang.ClassLoader)
android.support.v4.view.ViewPager$SimpleOnPageChangeListener
android.support.v4.view.ViewPager$SimpleOnPageChangeListener: ViewPager$SimpleOnPageChangeListener()
android.support.v4.view.ViewPager$SimpleOnPageChangeListener: void onPageScrolled(int,float,int)
android.support.v4.view.ViewPager$SimpleOnPageChangeListener: void onPageSelected(int)
android.support.v4.view.ViewPager$SimpleOnPageChangeListener: void onPageScrollStateChanged(int)
android.support.v4.view.accessibility.AccessibilityEventCompat
android.support.v4.view.accessibility.AccessibilityEventCompat: android.support.v4.view.accessibility.AccessibilityEventCompat$AccessibilityEventVersionImpl IMPL
android.support.v4.view.accessibility.AccessibilityEventCompat: int TYPE_VIEW_HOVER_ENTER
android.support.v4.view.accessibility.AccessibilityEventCompat: int TYPE_VIEW_HOVER_EXIT
android.support.v4.view.accessibility.AccessibilityEventCompat: int TYPE_TOUCH_EXPLORATION_GESTURE_START
android.support.v4.view.accessibility.AccessibilityEventCompat: int TYPE_TOUCH_EXPLORATION_GESTURE_END
android.support.v4.view.accessibility.AccessibilityEventCompat: int TYPE_WINDOW_CONTENT_CHANGED
android.support.v4.view.accessibility.AccessibilityEventCompat: int TYPE_VIEW_SCROLLED
android.support.v4.view.accessibility.AccessibilityEventCompat: int TYPE_VIEW_TEXT_SELECTION_CHANGED
android.support.v4.view.accessibility.AccessibilityEventCompat: int TYPE_ANNOUNCEMENT
android.support.v4.view.accessibility.AccessibilityEventCompat: int TYPE_VIEW_ACCESSIBILITY_FOCUSED
android.support.v4.view.accessibility.AccessibilityEventCompat: int TYPE_VIEW_ACCESSIBILITY_FOCUS_CLEARED
android.support.v4.view.accessibility.AccessibilityEventCompat: int TYPE_VIEW_TEXT_TRAVERSED_AT_MOVEMENT_GRANULARITY
android.support.v4.view.accessibility.AccessibilityEventCompat: int TYPES_ALL_MASK
android.support.v4.view.accessibility.AccessibilityEventCompat: AccessibilityEventCompat()
android.support.v4.view.accessibility.AccessibilityEventCompat$AccessibilityEventIcsImpl
android.support.v4.view.accessibility.AccessibilityEventCompat$AccessibilityEventIcsImpl: AccessibilityEventCompat$AccessibilityEventIcsImpl()
android.support.v4.view.accessibility.AccessibilityEventCompat$AccessibilityEventIcsImpl: void appendRecord(android.view.accessibility.AccessibilityEvent,java.lang.Object)
android.support.v4.view.accessibility.AccessibilityEventCompat$AccessibilityEventIcsImpl: java.lang.Object getRecord(android.view.accessibility.AccessibilityEvent,int)
android.support.v4.view.accessibility.AccessibilityEventCompat$AccessibilityEventIcsImpl: int getRecordCount(android.view.accessibility.AccessibilityEvent)
android.support.v4.view.accessibility.AccessibilityEventCompat$AccessibilityEventStubImpl
android.support.v4.view.accessibility.AccessibilityEventCompat$AccessibilityEventStubImpl: AccessibilityEventCompat$AccessibilityEventStubImpl()
android.support.v4.view.accessibility.AccessibilityEventCompat$AccessibilityEventStubImpl: void appendRecord(android.view.accessibility.AccessibilityEvent,java.lang.Object)
android.support.v4.view.accessibility.AccessibilityEventCompat$AccessibilityEventStubImpl: java.lang.Object getRecord(android.view.accessibility.AccessibilityEvent,int)
android.support.v4.view.accessibility.AccessibilityEventCompat$AccessibilityEventStubImpl: int getRecordCount(android.view.accessibility.AccessibilityEvent)