proguard/mapping.txt
cn.trinea.android.demo.BaseActivity -> cn.trinea.android.demo.a:
    android.content.Context context -> context
    void onCreate(android.os.Bundle,int) -> a
    boolean onOptionsItemSelected(android.view.MenuItem) -> onOptionsItemSelected
    void onStart() -> onStart
    void onStop() -> onStop
    boolean onCreateOptionsMenu(android.view.Menu) -> onCreateOptionsMenu
cn.trinea.android.demo.BorderScrollViewDemo -> cn.trinea.android.demo.BorderScrollViewDemo:
    cn.trinea.android.common.view.BorderScrollView borderScrollView -> cO
    android.widget.TextView textView1 -> cP
    android.widget.TextView textView2 -> cQ
    android.content.Context context -> context
    void onCreate(android.os.Bundle) -> onCreate
    android.content.Context access$0(cn.trinea.android.demo.BorderScrollViewDemo) -> a
cn.trinea.android.demo.BorderScrollViewDemo$1 -> cn.trinea.android.demo.b:
    cn.trinea.android.demo.BorderScrollViewDemo this$0 -> cR
    void onTop() -> onTop
    void onBottom() -> onBottom
cn.trinea.android.demo.BroadcastReceiverDemo -> cn.trinea.android.demo.BroadcastReceiverDemo:
    boolean isStickyRegister -> cS
    cn.trinea.android.demo.BroadcastReceiverDemo$MyBroadcastReceiver generalReceiver -> cT
    cn.trinea.android.demo.BroadcastReceiverDemo$OrderedBroadcastReceiverPriorityHigh orderedReceiverHigh -> cU
    cn.trinea.android.demo.BroadcastReceiverDemo$OrderedBroadcastReceiverPriorityMedium orderedReceiverMed -> cV
    cn.trinea.android.demo.BroadcastReceiverDemo$OrderedBroadcastReceiverPriorityLow orderedReceiverLow -> cW
    cn.trinea.android.demo.BroadcastReceiverDemo$LocalBroadcastReceiver localReceiver -> cX
    cn.trinea.android.demo.BroadcastReceiverDemo$StickyBroadcastReceiver stickyReceiver -> cY
    android.widget.Button sendGeneralBtn -> cZ
    android.widget.Button sendLocalBtn -> da
    android.widget.Button sendOrderedBtn -> db
    android.widget.Button sendStickyBtn -> dc
    android.widget.TextView generalMsg -> dd
    android.widget.TextView localMsg -> de
    android.widget.TextView orderedMsg -> df
    android.widget.TextView stickyMsg -> dg
    void onCreate(android.os.Bundle) -> onCreate
    void initView() -> initView
    void onStart() -> onStart
    void onStop() -> onStop
    android.widget.TextView access$0(cn.trinea.android.demo.BroadcastReceiverDemo) -> a
    android.widget.TextView access$1(cn.trinea.android.demo.BroadcastReceiverDemo) -> b
cn.trinea.android.demo.BroadcastReceiverDemo$1 -> cn.trinea.android.demo.c:
    cn.trinea.android.demo.BroadcastReceiverDemo this$0 -> dh
    void onClick(android.view.View) -> onClick
cn.trinea.android.demo.BroadcastReceiverDemo$2 -> cn.trinea.android.demo.d:
    cn.trinea.android.demo.BroadcastReceiverDemo this$0 -> dh
    void onClick(android.view.View) -> onClick
cn.trinea.android.demo.BroadcastReceiverDemo$3 -> cn.trinea.android.demo.e:
    cn.trinea.android.demo.BroadcastReceiverDemo this$0 -> dh
    void onClick(android.view.View) -> onClick
cn.trinea.android.demo.BroadcastReceiverDemo$4 -> cn.trinea.android.demo.f:
    cn.trinea.android.demo.BroadcastReceiverDemo this$0 -> dh
    void onClick(android.view.View) -> onClick
    cn.trinea.android.demo.BroadcastReceiverDemo access$0(cn.trinea.android.demo.BroadcastReceiverDemo$4) -> a
cn.trinea.android.demo.BroadcastReceiverDemo$4$1 -> cn.trinea.android.demo.g:
    cn.trinea.android.demo.BroadcastReceiverDemo$4 this$1 -> di
    void run() -> run
cn.trinea.android.demo.BroadcastReceiverDemo$LocalBroadcastReceiver -> cn.trinea.android.demo.h:
    cn.trinea.android.demo.BroadcastReceiverDemo this$0 -> dh
    void onReceive(android.content.Context,android.content.Intent) -> onReceive
cn.trinea.android.demo.BroadcastReceiverDemo$MyBroadcastReceiver -> cn.trinea.android.demo.i:
    cn.trinea.android.demo.BroadcastReceiverDemo this$0 -> dh
    void onReceive(android.content.Context,android.content.Intent) -> onReceive
...
cn.trinea.android.common.dao.HttpCacheDao -> cn.trinea.android.common.dao.HttpCacheDao:
    long insertHttpResponse(cn.trinea.android.common.entity.HttpResponse) -> insertHttpResponse
    cn.trinea.android.common.entity.HttpResponse getHttpResponse(java.lang.String) -> getHttpResponse
    java.util.Map getHttpResponsesByType(int) -> getHttpResponsesByType
    int deleteAllHttpResponse() -> deleteAllHttpResponse
cn.trinea.android.common.dao.ImageSDCardCacheDao -> cn.trinea.android.common.dao.ImageSDCardCacheDao:
    boolean putIntoImageSDCardCache(cn.trinea.android.common.service.impl.ImageSDCardCache,java.lang.String) -> putIntoImageSDCardCache
    boolean deleteAndInsertImageSDCardCache(cn.trinea.android.common.service.impl.ImageSDCardCache,java.lang.String) -> deleteAndInsertImageSDCardCache
cn.trinea.android.common.dao.impl.HttpCacheDaoImpl -> cn.trinea.android.common.dao.impl.HttpCacheDaoImpl:
    cn.trinea.android.common.util.SqliteUtils sqliteUtils -> sqliteUtils
    long insertHttpResponse(cn.trinea.android.common.entity.HttpResponse) -> insertHttpResponse
    cn.trinea.android.common.entity.HttpResponse getHttpResponse(java.lang.String) -> getHttpResponse
    java.util.Map getHttpResponsesByType(int) -> getHttpResponsesByType
    int deleteAllHttpResponse() -> deleteAllHttpResponse
    cn.trinea.android.common.entity.HttpResponse cursorToHttpResponse(android.database.Cursor,java.lang.String) -> cursorToHttpResponse
    android.content.ContentValues httpResponseToCV(cn.trinea.android.common.entity.HttpResponse) -> httpResponseToCV
cn.trinea.android.common.dao.impl.ImageSDCardCacheDaoImpl -> cn.trinea.android.common.dao.impl.ImageSDCardCacheDaoImpl:
    cn.trinea.android.common.util.SqliteUtils sqliteUtils -> sqliteUtils
    boolean putIntoImageSDCardCache(cn.trinea.android.common.service.impl.ImageSDCardCache,java.lang.String) -> putIntoImageSDCardCache
    boolean deleteAndInsertImageSDCardCache(cn.trinea.android.common.service.impl.ImageSDCardCache,java.lang.String) -> deleteAndInsertImageSDCardCache
    android.content.ContentValues cacheObjectToCV(java.lang.String,java.lang.String,cn.trinea.android.common.entity.CacheObject) -> cacheObjectToCV
cn.trinea.android.common.entity.CacheObject -> cn.trinea.android.common.entity.CacheObject:
    long serialVersionUID -> serialVersionUID
    long enterTime -> enterTime
    long lastUsedTime -> lastUsedTime
    long usedCount -> usedCount
    int priority -> priority
    boolean isExpired -> isExpired
    boolean isForever -> isForever
    java.lang.Object data -> data
    long getEnterTime() -> getEnterTime
    void setEnterTime(long) -> setEnterTime
    long getLastUsedTime() -> getLastUsedTime
    void setLastUsedTime(long) -> setLastUsedTime
    long getUsedCount() -> getUsedCount
    void setUsedCount(long) -> setUsedCount
    long getAndIncrementUsedCount() -> getAndIncrementUsedCount
    int getPriority() -> getPriority
    void setPriority(int) -> setPriority
    boolean isExpired() -> isExpired
    void setExpired(boolean) -> setExpired
    boolean isForever() -> isForever
    void setForever(boolean) -> setForever
    java.lang.Object getData() -> getData
    void setData(java.lang.Object) -> setData
    int compareTo(cn.trinea.android.common.entity.CacheObject) -> compareTo
    boolean equals(java.lang.Object) -> equals
    int hashCode() -> hashCode
    int compareTo(java.lang.Object) -> compareTo
cn.trinea.android.common.entity.FailedException -> cn.trinea.android.common.entity.FailedException:
    long serialVersionUID -> serialVersionUID
cn.trinea.android.common.entity.FailedReason -> cn.trinea.android.common.entity.FailedReason:
    cn.trinea.android.common.entity.FailedReason$FailedType failedType -> failedType
    cn.trinea.android.common.entity.FailedException cause -> cause
    cn.trinea.android.common.entity.FailedReason$FailedType getFailedType() -> getFailedType
    cn.trinea.android.common.entity.FailedException getCause() -> getCause