proguard/usage.txt
cn.trinea.android.demo.BroadcastReceiverDemo:
    private static final java.lang.String ACTION_GENERAL_SEND
    private static final java.lang.String ACTION_LOCAL_SEND
    private static final java.lang.String ACTION_ORDERED_SEND
    private static final java.lang.String ACTION_STICKY_SEND
    private static final java.lang.String MSG_KEY
    private static final java.lang.String RUSULT_MSG_KEY
cn.trinea.android.demo.BuildConfig
cn.trinea.android.demo.DownloadManagerDemo:
    public static final java.lang.String DOWNLOAD_FOLDER_NAME
    public static final java.lang.String DOWNLOAD_FILE_NAME
    public static final java.lang.String APK_URL
    public static final java.lang.String KEY_NAME_DOWNLOAD_ID
    public static final int MB_2_BYTE
    public static final int KB_2_BYTE
cn.trinea.android.demo.HttpCacheDemo:
    public static final java.lang.String TAG_CACHE
cn.trinea.android.demo.ImageCacheDemo:
    public static final int COLUMNS
    public static final int IMAGEVIEW_DEFAULT_HEIGHT
    public static final java.lang.String TAG_CACHE
cn.trinea.android.demo.ImageSDCardCacheDemo:
    public static final java.lang.String TAG_CACHE
cn.trinea.android.demo.ImageSDCardCacheDemo$1:
    private static final long serialVersionUID
cn.trinea.android.demo.MainActivity:
    public static final java.lang.String TAG
cn.trinea.android.demo.MyAIDLInterface$Stub:
    private static final java.lang.String DESCRIPTOR
    static final int TRANSACTION_getCount
    static final int TRANSACTION_setCount
    26:33:public static cn.trinea.android.demo.MyAIDLInterface asInterface(android.os.IBinder)
cn.trinea.android.demo.MyAIDLInterface$Stub$Proxy
cn.trinea.android.demo.MyAIDLService:
    50:50:public int getCount()
cn.trinea.android.demo.MyService:
    53:53:public int getCount()
    61:61:public int decreaseCount()
cn.trinea.android.demo.R
cn.trinea.android.demo.R$attr
cn.trinea.android.demo.R$bool
cn.trinea.android.demo.R$color
cn.trinea.android.demo.R$dimen
cn.trinea.android.demo.R$drawable
cn.trinea.android.demo.R$id
cn.trinea.android.demo.R$layout
cn.trinea.android.demo.R$menu
cn.trinea.android.demo.R$string
cn.trinea.android.demo.R$style
cn.trinea.android.demo.R$styleable
cn.trinea.android.demo.adapter.ImageListAdapter:
    60:60:public java.util.List getImageList()
cn.trinea.android.demo.utils.AppUtils:
    33:33:public AppUtils()
...
com.google.analytics.containertag.proto.MutableServing
com.google.analytics.containertag.proto.MutableServing$CacheOption
com.google.analytics.containertag.proto.MutableServing$CacheOption$CacheLevel
com.google.analytics.containertag.proto.MutableServing$CacheOption$CacheLevel$1
com.google.analytics.containertag.proto.MutableServing$Container
com.google.analytics.containertag.proto.MutableServing$FunctionCall
com.google.analytics.containertag.proto.MutableServing$OptionalResource
com.google.analytics.containertag.proto.MutableServing$Property
com.google.analytics.containertag.proto.MutableServing$Resource
com.google.analytics.containertag.proto.MutableServing$ResourceState
com.google.analytics.containertag.proto.MutableServing$ResourceState$1
com.google.analytics.containertag.proto.MutableServing$ResourceType
com.google.analytics.containertag.proto.MutableServing$ResourceType$1
com.google.analytics.containertag.proto.MutableServing$Rule
com.google.analytics.containertag.proto.MutableServing$ServingValue
com.google.analytics.containertag.proto.Serving
com.google.analytics.containertag.proto.Serving$1
com.google.analytics.containertag.proto.Serving$CacheOption
com.google.analytics.containertag.proto.Serving$CacheOption$1
com.google.analytics.containertag.proto.Serving$CacheOption$Builder
com.google.analytics.containertag.proto.Serving$CacheOption$CacheLevel
com.google.analytics.containertag.proto.Serving$CacheOption$CacheLevel$1
com.google.analytics.containertag.proto.Serving$CacheOptionOrBuilder
com.google.analytics.containertag.proto.Serving$Container
com.google.analytics.containertag.proto.Serving$Container$1
com.google.analytics.containertag.proto.Serving$Container$Builder
com.google.analytics.containertag.proto.Serving$ContainerOrBuilder
com.google.analytics.containertag.proto.Serving$FunctionCall
com.google.analytics.containertag.proto.Serving$FunctionCall$1
com.google.analytics.containertag.proto.Serving$FunctionCall$Builder
com.google.analytics.containertag.proto.Serving$FunctionCallOrBuilder
com.google.analytics.containertag.proto.Serving$OptionalResource
com.google.analytics.containertag.proto.Serving$OptionalResource$1
com.google.analytics.containertag.proto.Serving$OptionalResource$Builder
com.google.analytics.containertag.proto.Serving$OptionalResourceOrBuilder
com.google.analytics.containertag.proto.Serving$Property
com.google.analytics.containertag.proto.Serving$Property$1
com.google.analytics.containertag.proto.Serving$Property$Builder
com.google.analytics.containertag.proto.Serving$PropertyOrBuilder
com.google.analytics.containertag.proto.Serving$Resource
com.google.analytics.containertag.proto.Serving$Resource$1
com.google.analytics.containertag.proto.Serving$Resource$Builder
com.google.analytics.containertag.proto.Serving$ResourceOrBuilder
com.google.analytics.containertag.proto.Serving$ResourceState
com.google.analytics.containertag.proto.Serving$ResourceState$1
com.google.analytics.containertag.proto.Serving$ResourceType
com.google.analytics.containertag.proto.Serving$ResourceType$1
com.google.analytics.containertag.proto.Serving$Rule
com.google.analytics.containertag.proto.Serving$Rule$1
com.google.analytics.containertag.proto.Serving$Rule$Builder
com.google.analytics.containertag.proto.Serving$RuleOrBuilder
com.google.analytics.containertag.proto.Serving$ServingValue
com.google.analytics.containertag.proto.Serving$ServingValue$1
com.google.analytics.containertag.proto.Serving$ServingValue$Builder
com.google.analytics.containertag.proto.Serving$ServingValueOrBuilder
com.google.analytics.midtier.proto.containertag.MutableTypeSystem
com.google.analytics.midtier.proto.containertag.MutableTypeSystem$Value
com.google.analytics.midtier.proto.containertag.MutableTypeSystem$Value$Escaping
com.google.analytics.midtier.proto.containertag.MutableTypeSystem$Value$Escaping$1
com.google.analytics.midtier.proto.containertag.MutableTypeSystem$Value$Type